<?xml version="1.0" encoding="UTF-8"?>
<!-- Generated by org.testng.reporters.JUnitXMLReporter -->
<testsuite ignored="0" hostname="JOYSTON" failures="1" tests="5" name="Test" time="17.239" errors="0" timestamp="2023-11-23T15:34:01 IST">
  <testcase classname="com.scm.procure.AdminModule.Add_Retailer_with_mandatory_fieldsTest" name="AddRetailerwithmandatoryfieldsTest" time="0.232">
    <skipped/>
  </testcase> <!-- AddRetailerwithmandatoryfieldsTest -->
  <testcase classname="com.scm.procure.AdminModule.Add_Retailer_with_mandatory_fieldsTest" name="AddRetailerwithmandatoryfieldsTest" time="0.292">
    <skipped/>
  </testcase> <!-- AddRetailerwithmandatoryfieldsTest -->
  <testcase classname="com.scm.procure.AdminModule.Add_Retailer_with_mandatory_fieldsTest" name="AddRetailerwithmandatoryfieldsTest" time="0.142">
    <skipped/>
  </testcase> <!-- AddRetailerwithmandatoryfieldsTest -->
  <testcase classname="com.scm.procure.AdminModule.Add_Retailer_with_mandatory_fieldsTest" name="AddRetailerwithmandatoryfieldsTest" time="0.303">
    <failure type="java.lang.AssertionError" message="null">
      <![CDATA[java.lang.AssertionError: null
at com.scm.procure.AdminModule.Add_Retailer_with_mandatory_fieldsTest.AddRetailerwithmandatoryfieldsTest(Add_Retailer_with_mandatory_fieldsTest.java:26)
at java.base/java.util.ArrayList.forEach(ArrayList.java:1511)
at java.base/java.util.concurrent.FutureTask.run(FutureTask.java:264)
at java.base/java.util.concurrent.ThreadPoolExecutor.runWorker(ThreadPoolExecutor.java:1136)
at java.base/java.util.concurrent.ThreadPoolExecutor$Worker.run(ThreadPoolExecutor.java:635)
at java.base/java.lang.Thread.run(Thread.java:833)
... Removed 19 stack frames]]>
    </failure>
  </testcase> <!-- AddRetailerwithmandatoryfieldsTest -->
  <testcase classname="com.scm.procure.AdminModule.Add_Retailer_with_mandatory_fieldsTest" name="ex" time="0.004"/>
</testsuite> <!-- Test -->
